# JRE version: Java(TM) SE Runtime Environment (8.0_251-b08) (build 1.8.0_251-b08)
# Java VM: Java HotSpot(TM) 64-Bit Server VM (25.251-b08 mixed mode windows-amd64 compressed oops)
Heap:
 PSYoungGen      total 204800K, used 55586K [0x000000076b500000, 0x0000000778c80000, 0x00000007c0000000)
  eden space 194048K, 24% used [0x000000076b500000,0x000000076e2a2430,0x0000000777280000)
  from space 10752K, 82% used [0x0000000778200000,0x0000000778aa6430,0x0000000778c80000)
  to   space 13312K, 0% used [0x0000000777280000,0x0000000777280000,0x0000000777f80000)
 ParOldGen       total 133632K, used 17127K [0x00000006c1e00000, 0x00000006ca080000, 0x000000076b500000)
  object space 133632K, 12% used [0x00000006c1e00000,0x00000006c2eb9d10,0x00000006ca080000)
 Metaspace       used 40405K, capacity 43260K, committed 43520K, reserved 1087488K
  class space    used 5510K, capacity 6028K, committed 6144K, reserved 1048576K
GC Heap History (10 events):
Event: 1.724 GC heap before
{Heap before GC invocations=4 (full 1):
 PSYoungGen      total 76288K, used 5454K [0x000000076b500000, 0x0000000774a00000, 0x00000007c0000000)
  eden space 65536K, 0% used [0x000000076b500000,0x000000076b500000,0x000000076f500000)
  from space 10752K, 50% used [0x000000076f500000,0x000000076fa539a8,0x000000076ff80000)
  to   space 10752K, 0% used [0x0000000773f80000,0x0000000773f80000,0x0000000774a00000)
 ParOldGen       total 175104K, used 40K [0x00000006c1e00000, 0x00000006cc900000, 0x000000076b500000)
  object space 175104K, 0% used [0x00000006c1e00000,0x00000006c1e0a000,0x00000006cc900000)
 Metaspace       used 19927K, capacity 21222K, committed 21248K, reserved 1067008K
  class space    used 2559K, capacity 2811K, committed 2816K, reserved 1048576K
Event: 1.748 GC heap after
Heap after GC invocations=4 (full 1):
 PSYoungGen      total 76288K, used 0K [0x000000076b500000, 0x0000000774a00000, 0x00000007c0000000)
  eden space 65536K, 0% used [0x000000076b500000,0x000000076b500000,0x000000076f500000)
  from space 10752K, 0% used [0x000000076f500000,0x000000076f500000,0x000000076ff80000)
  to   space 10752K, 0% used [0x0000000773f80000,0x0000000773f80000,0x0000000774a00000)
 ParOldGen       total 85504K, used 5315K [0x00000006c1e00000, 0x00000006c7180000, 0x000000076b500000)
  object space 85504K, 6% used [0x00000006c1e00000,0x00000006c2330f68,0x00000006c7180000)
 Metaspace       used 19927K, capacity 21222K, committed 21248K, reserved 1067008K
  class space    used 2559K, capacity 2811K, committed 2816K, reserved 1048576K
}
Event: 2.161 GC heap before
{Heap before GC invocations=5 (full 1):
 PSYoungGen      total 76288K, used 65536K [0x000000076b500000, 0x0000000774a00000, 0x00000007c0000000)
  eden space 65536K, 100% used [0x000000076b500000,0x000000076f500000,0x000000076f500000)
  from space 10752K, 0% used [0x000000076f500000,0x000000076f500000,0x000000076ff80000)
  to   space 10752K, 0% used [0x0000000773f80000,0x0000000773f80000,0x0000000774a00000)
 ParOldGen       total 85504K, used 5315K [0x00000006c1e00000, 0x00000006c7180000, 0x000000076b500000)
  object space 85504K, 6% used [0x00000006c1e00000,0x00000006c2330f68,0x00000006c7180000)
 Metaspace       used 24206K, capacity 25736K, committed 25984K, reserved 1071104K
  class space    used 3126K, capacity 3422K, committed 3456K, reserved 1048576K
Event: 2.166 GC heap after
Heap after GC invocations=5 (full 1):
 PSYoungGen      total 121344K, used 6557K [0x000000076b500000, 0x0000000774600000, 0x00000007c0000000)
  eden space 114688K, 0% used [0x000000076b500000,0x000000076b500000,0x0000000772500000)
  from space 6656K, 98% used [0x0000000773f80000,0x00000007745e76d8,0x0000000774600000)
  to   space 10752K, 0% used [0x0000000773100000,0x0000000773100000,0x0000000773b80000)
 ParOldGen       total 85504K, used 5323K [0x00000006c1e00000, 0x00000006c7180000, 0x000000076b500000)
  object space 85504K, 6% used [0x00000006c1e00000,0x00000006c2332f68,0x00000006c7180000)
 Metaspace       used 24206K, capacity 25736K, committed 25984K, reserved 1071104K
  class space    used 3126K, capacity 3422K, committed 3456K, reserved 1048576K
}
Event: 3.056 GC heap before
{Heap before GC invocations=6 (full 1):
 PSYoungGen      total 121344K, used 120221K [0x000000076b500000, 0x0000000774600000, 0x00000007c0000000)
  eden space 114688K, 99% used [0x000000076b500000,0x0000000772400110,0x0000000772500000)
  from space 6656K, 98% used [0x0000000773f80000,0x00000007745e76d8,0x0000000774600000)
  to   space 10752K, 0% used [0x0000000773100000,0x0000000773100000,0x0000000773b80000)
 ParOldGen       total 85504K, used 5323K [0x00000006c1e00000, 0x00000006c7180000, 0x000000076b500000)
  object space 85504K, 6% used [0x00000006c1e00000,0x00000006c2332f68,0x00000006c7180000)
 Metaspace       used 33161K, capacity 35364K, committed 35416K, reserved 1079296K
  class space    used 4404K, capacity 4814K, committed 4864K, reserved 1048576K
Event: 3.063 GC heap after
Heap after GC invocations=6 (full 1):
 PSYoungGen      total 137728K, used 10729K [0x000000076b500000, 0x0000000779000000, 0x00000007c0000000)
  eden space 126976K, 0% used [0x000000076b500000,0x000000076b500000,0x0000000773100000)
  from space 10752K, 99% used [0x0000000773100000,0x0000000773b7a468,0x0000000773b80000)
  to   space 14336K, 0% used [0x0000000778200000,0x0000000778200000,0x0000000779000000)
 ParOldGen       total 85504K, used 7569K [0x00000006c1e00000, 0x00000006c7180000, 0x000000076b500000)
  object space 85504K, 8% used [0x00000006c1e00000,0x00000006c2564628,0x00000006c7180000)
 Metaspace       used 33161K, capacity 35364K, committed 35416K, reserved 1079296K
  class space    used 4404K, capacity 4814K, committed 4864K, reserved 1048576K
}
Event: 3.063 GC heap before
{Heap before GC invocations=7 (full 2):
 PSYoungGen      total 137728K, used 10729K [0x000000076b500000, 0x0000000779000000, 0x00000007c0000000)
  eden space 126976K, 0% used [0x000000076b500000,0x000000076b500000,0x0000000773100000)
  from space 10752K, 99% used [0x0000000773100000,0x0000000773b7a468,0x0000000773b80000)
  to   space 14336K, 0% used [0x0000000778200000,0x0000000778200000,0x0000000779000000)
 ParOldGen       total 85504K, used 7569K [0x00000006c1e00000, 0x00000006c7180000, 0x000000076b500000)
  object space 85504K, 8% used [0x00000006c1e00000,0x00000006c2564628,0x00000006c7180000)
 Metaspace       used 33161K, capacity 35364K, committed 35416K, reserved 1079296K
  class space    used 4404K, capacity 4814K, committed 4864K, reserved 1048576K
Event: 3.111 GC heap after
Heap after GC invocations=7 (full 2):
 PSYoungGen      total 137728K, used 0K [0x000000076b500000, 0x0000000779000000, 0x00000007c0000000)
  eden space 126976K, 0% used [0x000000076b500000,0x000000076b500000,0x0000000773100000)
  from space 10752K, 0% used [0x0000000773100000,0x0000000773100000,0x0000000773b80000)
  to   space 14336K, 0% used [0x0000000778200000,0x0000000778200000,0x0000000779000000)
 ParOldGen       total 133632K, used 17119K [0x00000006c1e00000, 0x00000006ca080000, 0x000000076b500000)
  object space 133632K, 12% used [0x00000006c1e00000,0x00000006c2eb7d10,0x00000006ca080000)
 Metaspace       used 33161K, capacity 35364K, committed 35416K, reserved 1079296K
  class space    used 4404K, capacity 4814K, committed 4864K, reserved 1048576K
}
Event: 3.778 GC heap before
{Heap before GC invocations=8 (full 2):
 PSYoungGen      total 137728K, used 126976K [0x000000076b500000, 0x0000000779000000, 0x00000007c0000000)
  eden space 126976K, 100% used [0x000000076b500000,0x0000000773100000,0x0000000773100000)
  from space 10752K, 0% used [0x0000000773100000,0x0000000773100000,0x0000000773b80000)
  to   space 14336K, 0% used [0x0000000778200000,0x0000000778200000,0x0000000779000000)
 ParOldGen       total 133632K, used 17119K [0x00000006c1e00000, 0x00000006ca080000, 0x000000076b500000)
  object space 133632K, 12% used [0x00000006c1e00000,0x00000006c2eb7d10,0x00000006ca080000)
 Metaspace       used 36717K, capacity 39494K, committed 39808K, reserved 1083392K
  class space    used 4949K, capacity 5435K, committed 5504K, reserved 1048576K
Event: 3.787 GC heap after
Heap after GC invocations=8 (full 2):
 PSYoungGen      total 204800K, used 8857K [0x000000076b500000, 0x0000000778c80000, 0x00000007c0000000)
  eden space 194048K, 0% used [0x000000076b500000,0x000000076b500000,0x0000000777280000)
  from space 10752K, 82% used [0x0000000778200000,0x0000000778aa6430,0x0000000778c80000)
  to   space 13312K, 0% used [0x0000000777280000,0x0000000777280000,0x0000000777f80000)
 ParOldGen       total 133632K, used 17127K [0x00000006c1e00000, 0x00000006ca080000, 0x000000076b500000)
  object space 133632K, 12% used [0x00000006c1e00000,0x00000006c2eb9d10,0x00000006ca080000)
 Metaspace       used 36717K, capacity 39494K, committed 39808K, reserved 1083392K
  class space    used 4949K, capacity 5435K, committed 5504K, reserved 1048576K
}

